210916,000914.816,333,00098765,555,2,053.161,,,,,,
210916,001643.855,333,00098765,555,2,000.000,,,,,,
210916,001817.333,333,00098765,555,1,020.623,,,,,,
210916,002131.549,333,00098765,555,1,060.027,,,,,,
210916,002303.337,333,00098765,555,3,026.459,,,,,,
210916,002554.757,333,00098765,555,2,053.549,,,,,,
210916,002803.739,333,00098765,555,2,018.485,,,,,,
210916,003233.421,333,00098765,555,1,019.402,,,,,,
210916,003238.200,333,00098765,555,2,048.040,,,,,,
210916,003405.638,333,00098765,555,1,000.000,,,,,,
210916,003936.017,333,00098765,555,1,036.389,,,,,,
210916,004227.671,333,00098765,555,3,035.179,,,,,,
210916,004512.152,333,00098765,555,2,046.347,,,,,,
210916,004552.236,333,00098765,555,1,018.296,,,,,,
210916,004820.302,333,00098765,555,2,052.380,,,,,,
210916,005930.257,333,00098765,555,2,045.540,,,,,,
210916,011601.020,333,00098765,555,2,044.960,,,,,,
210916,011648.557,333,00098765,555,2,050.896,,,,,,
210916,012504.820,333,00098765,555,1,011.710,,,,,,
210916,013819.478,333,00098765,555,1,000.000,,,,,,
210916,014121.724,333,00098765,555,2,043.300,,,,,,
210916,014406.849,333,00098765,555,2,063.339,,,,,,
210916,014426.304,333,00098765,555,2,056.297,,,,,,
210916,014620.419,333,00098765,555,1,020.967,,,,,,
210916,015158.047,333,00098765,555,2,050.441,,,,,,
210916,015542.738,333,00098765,555,2,038.535,,,,,,
210916,020404.215,333,00098765,555,2,021.913,,,,,,
210916,020812.878,333,00098765,555,1,019.405,,,,,,
210916,021009.700,333,00098765,555,2,053.498,,,,,,
210916,023701.953,333,00098765,555,1,013.637,,,,,,
210916,023727.671,333,00098765,555,1,000.000,,,,,,
210916,024638.147,333,00098765,555,3,000.000,,,,,,
210916,025129.065,333,00098765,555,2,046.136,,,,,,
210916,030436.981,333,00098765,555,2,053.864,,,,,,
210916,030712.920,333,00098765,555,1,056.348,,,,,,
210916,031245.864,333,00098765,555,1,000.000,,,,,,
210916,031746.813,333,00098765,555,2,053.257,,,,,,
210916,032539.754,333,00098765,555,1,016.920,,,,,,
210916,033759.035,333,00098765,555,1,074.253,,,,,,
210916,034313.514,333,00098765,555,2,056.260,,,,,,
210916,035404.707,333,00098765,555,2,055.499,,,,,,
210916,040142.745,333,00098765,555,1,000.000,,,,,,
210916,040613.356,333,00098765,555,2,081.205,,,,,,
210916,040827.366,333,00098765,555,1,047.168,,,,,,
210916,041225.408,333,00098765,555,1,000.000,,,,,,
210916,041815.465,333,00098765,555,2,048.547,,,,,,
210916,041835.494,333,00098765,555,3,021.069,,,,,,
210916,042321.915,333,00098765,555,1,009.888,,,,,,
210916,043146.987,333,00098765,555,1,000.000,,,,,,
210916,043432.769,333,00098765,555,3,016.467,,,,,,
210916,043814.132,333,00098765,555,1,018.802,,,,,,
210916,044023.174,333,00098765,555,2,056.162,,,,,,
210916,044225.635,333,00098765,555,1,022.129,,,,,,
210916,044255.583,333,00098765,555,2,056.869,,,,,,
210916,044502.264,333,00098765,555,2,051.162,,,,,,
210916,044642.469,333,00098765,555,1,057.528,,,,,,
210916,045100.261,333,00098765,555,2,056.728,,,,,,
210916,045231.556,333,00098765,555,2,019.625,,,,,,
210916,045415.505,333,00098765,555,1,000.000,,,,,,
210916,045511.089,333,00098765,555,1,000.000,,,,,,
210916,045640.100,333,00098765,555,2,000.000,,,,,,
210916,050043.131,333,00098765,555,1,017.943,,,,,,
210916,050952.489,333,00098765,555,2,032.220,,,,,,
210916,051500.534,333,00098765,555,1,056.635,,,,,,
210916,051521.381,333,00098765,555,2,057.271,,,,,,
210916,051557.696,333,00098765,555,2,071.652,,,,,,
210916,051654.244,333,00098765,555,2,045.406,,,,,,
210916,051756.198,333,00098765,555,1,000.000,,,,,,
210916,051828.856,333,00098765,555,2,051.215,,,,,,
210916,051959.025,333,00098765,555,3,026.706,,,,,,
210916,052022.313,333,00098765,555,2,018.616,,,,,,
210916,052136.783,333,00098765,555,1,000.000,,,,,,
210916,052237.355,333,00098765,555,1,018.928,,,,,,
210916,052617.511,333,00098765,555,2,049.795,,,,,,
210916,052651.536,333,00098765,555,2,051.474,,,,,,
210916,052747.737,333,00098765,555,2,038.068,,,,,,
210916,052906.417,333,00098765,555,2,018.461,,,,,,
210916,053001.693,333,00098765,555,2,017.891,,,,,,
210916,053105.144,333,00098765,555,2,012.953,,,,,,
210916,053450.008,333,00098765,555,3,014.854,,,,,,
210916,053731.570,333,00098765,555,2,022.381,,,,,,
210916,053843.477,333,00098765,555,1,000.000,,,,,,
210916,053909.654,333,00098765,555,1,015.416,,,,,,
210916,053909.697,333,00098765,555,2,021.783,,,,,,
210916,053912.321,333,00098765,555,2,028.969,,,,,,
210916,054014.734,333,00098765,555,1,000.000,,,,,,
210916,054119.735,333,00098765,555,2,059.254,,,,,,
210916,054135.388,333,00098765,555,1,039.506,,,,,,
210916,054413.512,333,00098765,555,2,020.008,,,,,,
210916,054508.620,333,00098765,555,1,000.000,,,,,,
210916,054549.587,333,00098765,555,2,025.409,,,,,,
210916,054645.912,333,00098765,555,2,044.481,,,,,,
210916,054709.543,333,00098765,555,1,015.774,,,,,,
210916,054746.280,333,00098765,555,2,027.058,,,,,,
210916,055007.347,333,00098765,555,1,019.428,,,,,,
210916,055056.443,333,00098765,555,3,000.000,,,,,,
210916,055349.336,333,00098765,555,2,049.977,,,,,,
210916,055439.599,333,00098765,555,2,018.600,,,,,,
210916,055523.619,333,00098765,555,3,006.955,,,,,,
210916,055715.207,333,00098765,555,3,025.851,,,,,,
210916,055852.910,333,00098765,555,1,012.738,,,,,,
210916,055918.014,333,00098765,555,1,000.000,,,,,,
210916,055920.208,333,00098765,555,1,019.323,,,,,,
210916,055923.926,333,00098765,555,1,017.717,,,,,,
210916,055926.805,333,00098765,555,2,048.043,,,,,,
210916,060108.962,333,00098765,555,3,029.121,,,,,,
210916,060110.540,333,00098765,555,3,025.994,,,,,,
210916,060216.843,333,00098765,555,1,019.060,,,,,,
210916,060217.614,333,00098765,555,2,019.747,,,,,,
210916,060323.498,333,00098765,555,2,055.159,,,,,,
210916,060403.641,333,00098765,555,1,023.575,,,,,,
210916,060357.478,333,00098765,555,2,018.738,,,,,,
210916,060404.795,333,00098765,555,2,050.358,,,,,,
210916,060443.395,333,00098765,555,3,031.196,,,,,,
210916,060455.174,333,00098765,555,1,015.479,,,,,,
210916,060543.982,333,00098765,555,2,054.153,,,,,,
210916,060616.484,333,00098765,555,3,040.965,,,,,,
210916,060625.971,333,00098765,555,1,000.000,,,,,,
210916,060622.108,333,00098765,555,2,017.069,,,,,,
210916,060624.226,333,00098765,555,2,024.053,,,,,,
210916,060631.239,333,00098765,555,1,020.871,,,,,,
210916,060638.527,333,00098765,555,1,013.700,,,,,,
210916,060721.473,333,00098765,555,1,023.438,,,,,,
210916,060717.631,333,00098765,555,2,020.148,,,,,,
210916,060729.665,333,00098765,555,2,064.088,,,,,,
210916,060751.076,333,00098765,555,2,042.204,,,,,,
210916,060819.702,333,00098765,555,3,004.362,,,,,,
210916,060825.740,333,00098765,555,3,011.090,,,,,,
210916,060908.371,333,00098765,555,1,018.740,,,,,,
210916,060959.095,333,00098765,555,2,052.142,,,,,,
210916,061048.304,333,00098765,555,1,022.611,,,,,,
210916,061102.925,333,00098765,555,2,052.094,,,,,,
210916,061200.045,333,00098765,555,1,015.708,,,,,,
210916,061200.264,333,00098765,555,2,022.204,,,,,,
210916,061203.333,333,00098765,555,1,029.622,,,,,,
210916,061256.565,333,00098765,555,3,027.976,,,,,,
210916,061313.708,333,00098765,555,1,000.000,,,,,,
210916,061423.707,333,00098765,555,1,021.331,,,,,,
210916,061424.891,333,00098765,555,2,055.563,,,,,,
210916,061527.393,333,00098765,555,2,019.124,,,,,,
210916,061530.070,333,00098765,555,2,019.553,,,,,,
210916,061552.822,333,00098765,555,1,018.378,,,,,,
210916,061620.188,333,00098765,555,3,020.693,,,,,,
210916,061652.887,333,00098765,555,2,025.382,,,,,,
210916,061706.015,333,00098765,555,1,020.168,,,,,,
210916,061739.193,333,00098765,555,3,019.786,,,,,,
210916,061811.849,333,00098765,555,3,040.616,,,,,,
210916,061840.369,333,00098765,555,2,051.467,,,,,,
210916,061904.434,333,00098765,555,3,023.520,,,,,,
210916,061918.817,333,00098765,555,1,002.062,,,,,,
210916,061953.200,333,00098765,555,2,050.989,,,,,,
210916,062112.268,333,00098765,555,1,000.000,,,,,,
210916,062114.383,333,00098765,555,1,000.000,,,,,,
210916,062121.362,333,00098765,555,1,019.693,,,,,,
210916,062122.821,333,00098765,555,1,020.143,,,,,,
210916,062136.997,333,00098765,555,1,000.000,,,,,,
210916,062211.592,333,00098765,555,2,021.889,,,,,,
210916,062232.322,333,00098765,555,1,051.332,,,,,,
210916,062236.366,333,00098765,555,1,000.000,,,,,,
210916,062256.399,333,00098765,555,3,000.000,,,,,,
210916,062331.093,333,00098765,555,2,000.000,,,,,,
210916,062332.222,333,00098765,555,2,028.067,,,,,,
210916,062331.787,333,00098765,555,1,022.200,,,,,,
210916,062334.359,333,00098765,555,2,027.160,,,,,,
210916,062451.117,333,00098765,555,1,022.384,,,,,,
210916,062455.462,333,00098765,555,2,054.463,,,,,,
210916,062458.367,333,00098765,555,2,055.014,,,,,,
210916,062500.385,333,00098765,555,2,050.084,,,,,,
210916,062518.856,333,00098765,555,1,000.000,,,,,,
210916,062607.570,333,00098765,555,1,014.100,,,,,,
210916,062607.719,333,00098765,555,2,013.925,,,,,,
210916,062614.074,333,00098765,555,1,045.672,,,,,,
210916,062627.915,333,00098765,555,3,047.306,,,,,,
210916,062630.034,333,00098765,555,1,000.000,,,,,,
210916,062639.134,333,00098765,555,1,000.000,,,,,,
210916,062732.244,333,00098765,555,2,024.341,,,,,,
210916,062732.917,333,00098765,555,1,022.087,,,,,,
210916,062753.848,333,00098765,555,1,057.179,,,,,,
210916,062758.450,333,00098765,555,1,000.000,,,,,,
210916,062800.754,333,00098765,555,1,000.000,,,,,,
210916,062830.765,333,00098765,555,2,029.289,,,,,,
210916,062836.073,333,00098765,555,1,055.782,,,,,,
210916,062844.888,333,00098765,555,2,052.877,,,,,,
210916,062856.400,333,00098765,555,1,022.403,,,,,,
210916,062914.163,333,00098765,555,1,021.859,,,,,,
210916,062919.189,333,00098765,555,2,049.262,,,,,,
210916,062920.871,333,00098765,555,1,057.544,,,,,,
210916,062922.966,333,00098765,555,2,061.010,,,,,,
210916,063007.190,333,00098765,555,2,048.937,,,,,,
210916,063014.671,333,00098765,555,2,053.546,,,,,,
210916,063023.683,333,00098765,555,1,050.663,,,,,,
210916,063030.352,333,00098765,555,1,014.764,,,,,,
210916,063034.415,333,00098765,555,1,000.000,,,,,,
210916,063052.512,333,00098765,555,3,000.000,,,,,,
210916,063134.765,333,00098765,555,1,016.143,,,,,,
210916,063137.904,333,00098765,555,2,026.761,,,,,,
210916,063141.392,333,00098765,555,2,036.672,,,,,,
210916,063201.765,333,00098765,555,2,054.668,,,,,,
210916,063238.651,333,00098765,555,2,022.953,,,,,,
210916,063313.169,333,00098765,555,1,022.747,,,,,,
210916,063317.698,333,00098765,555,1,000.000,,,,,,
210916,063318.142,333,00098765,555,2,056.304,,,,,,
210916,063320.210,333,00098765,555,1,045.910,,,,,,
210916,063319.913,333,00098765,555,2,057.456,,,,,,
210916,063322.806,333,00098765,555,2,054.132,,,,,,
210916,063409.978,333,00098765,555,2,022.613,,,,,,
210916,063412.749,333,00098765,555,2,024.299,,,,,,
210916,063438.113,333,00098765,555,2,054.479,,,,,,
210916,063503.442,333,00098765,555,1,016.297,,,,,,
210916,063506.053,333,00098765,555,1,018.768,,,,,,
210916,063503.012,333,00098765,555,2,000.000,,,,,,
210916,063509.629,333,00098765,555,1,000.000,,,,,,
210916,063505.746,333,00098765,555,2,026.611,,,,,,
210916,063556.476,333,00098765,555,1,018.952,,,,,,
210916,063639.037,333,00098765,555,2,040.757,,,,,,
210916,063643.534,333,00098765,555,2,050.744,,,,,,
210916,063651.672,333,00098765,555,1,020.824,,,,,,
210916,063655.434,333,00098765,555,1,055.315,,,,,,
210916,063657.091,333,00098765,555,2,056.375,,,,,,
210916,063748.749,333,00098765,555,3,014.857,,,,,,
210916,063756.160,333,00098765,555,2,051.193,,,,,,
210916,063759.178,333,00098765,555,2,041.452,,,,,,
210916,063825.421,333,00098765,555,3,035.413,,,,,,
210916,063829.661,333,00098765,555,1,000.000,,,,,,
210916,063838.868,333,00098765,555,1,000.000,,,,,,
210916,063841.080,333,00098765,555,1,018.358,,,,,,
210916,063845.534,333,00098765,555,1,022.392,,,,,,
210916,063921.502,333,00098765,555,1,014.994,,,,,,
210916,063921.040,333,00098765,555,2,020.386,,,,,,
210916,063932.252,333,00098765,555,2,046.786,,,,,,
210916,063934.548,333,00098765,555,2,050.455,,,,,,
210916,063954.208,333,00098765,555,1,021.413,,,,,,
210916,063954.767,333,00098765,555,2,058.851,,,,,,
210916,064102.916,333,00098765,555,3,052.994,,,,,,
210916,064105.211,333,00098765,555,1,000.000,,,,,,
210916,064100.973,333,00098765,555,2,018.892,,,,,,
210916,064102.195,333,00098765,555,1,019.730,,,,,,
210916,064104.936,333,00098765,555,2,042.218,,,,,,
210916,064109.238,333,00098765,555,2,054.704,,,,,,
210916,064128.199,333,00098765,555,1,000.000,,,,,,
210916,064130.795,333,00098765,555,1,000.000,,,,,,
210916,064139.383,333,00098765,555,1,000.000,,,,,,
210916,064209.558,333,00098765,555,3,020.624,,,,,,
210916,064219.313,333,00098765,555,1,043.906,,,,,,
210916,064217.922,333,00098765,555,2,022.361,,,,,,
210916,064220.308,333,00098765,555,2,025.898,,,,,,
210916,064225.880,333,00098765,555,1,055.956,,,,,,
210916,064227.690,333,00098765,555,2,049.574,,,,,,
210916,064239.495,333,00098765,555,2,058.119,,,,,,
210916,064252.557,333,00098765,555,1,021.410,,,,,,
210916,064316.104,333,00098765,555,1,012.446,,,,,,
210916,064349.131,333,00098765,555,1,022.213,,,,,,
210916,064356.947,333,00098765,555,1,000.000,,,,,,
210916,064352.318,333,00098765,555,1,022.636,,,,,,
210916,064456.284,333,00098765,555,1,012.436,,,,,,
210916,064458.565,333,00098765,555,1,017.974,,,,,,
210916,064500.835,333,00098765,555,1,021.561,,,,,,
210916,064457.770,333,00098765,555,2,027.511,,,,,,
210916,064505.088,333,00098765,555,1,024.002,,,,,,
210916,064506.936,333,00098765,555,2,048.157,,,,,,
210916,064539.174,333,00098765,555,1,056.529,,,,,,
210916,064637.316,333,00098765,555,1,015.584,,,,,,
210916,064634.532,333,00098765,555,1,024.596,,,,,,
210916,064638.965,333,00098765,555,1,000.000,,,,,,
210916,064634.962,333,00098765,555,2,018.718,,,,,,
210916,064639.026,333,00098765,555,2,049.364,,,,,,
210916,064641.281,333,00098765,555,2,055.301,,,,,,
210916,064752.427,333,00098765,555,2,016.786,,,,,,
210916,064757.270,333,00098765,555,1,063.656,,,,,,
210916,064756.071,333,00098765,555,2,020.971,,,,,,
210916,064803.479,333,00098765,555,1,019.074,,,,,,
210916,064812.688,333,00098765,555,2,054.846,,,,,,
210916,064841.743,333,00098765,555,1,012.795,,,,,,
210916,064844.326,333,00098765,555,1,000.000,,,,,,
210916,064926.141,333,00098765,555,1,013.614,,,,,,
210916,064925.917,333,00098765,555,2,016.174,,,,,,
210916,064928.870,333,00098765,555,1,027.387,,,,,,
210916,064931.246,333,00098765,555,1,028.991,,,,,,
210916,065007.345,333,00098765,555,1,020.148,,,,,,
210916,065009.230,333,00098765,555,1,021.147,,,,,,
210916,065045.919,333,00098765,555,2,018.270,,,,,,
210916,065110.904,333,00098765,555,1,049.131,,,,,,
210916,065119.066,333,00098765,555,1,018.658,,,,,,
210916,065120.088,333,00098765,555,2,057.267,,,,,,
210916,065121.153,333,00098765,555,2,051.564,,,,,,
210916,065123.571,333,00098765,555,1,055.470,,,,,,
210916,065130.421,333,00098765,555,2,059.581,,,,,,
210916,065140.803,333,00098765,555,1,017.783,,,,,,
210916,065200.065,333,00098765,555,2,000.000,,,,,,
210916,065230.394,333,00098765,555,2,054.749,,,,,,
210916,065239.295,333,00098765,555,2,060.278,,,,,,
210916,065246.204,333,00098765,555,2,049.180,,,,,,
210916,065251.764,333,00098765,555,1,060.099,,,,,,
210916,065320.130,333,00098765,555,2,061.070,,,,,,
210916,065337.959,333,00098765,555,3,000.000,,,,,,
210916,065452.300,333,00098765,555,1,015.196,,,,,,
210916,065455.289,333,00098765,555,3,023.256,,,,,,
210916,065454.463,333,00098765,555,1,017.262,,,,,,
210916,065457.107,333,00098765,555,1,000.000,,,,,,
210916,065539.004,333,00098765,555,2,034.962,,,,,,
210916,065603.672,333,00098765,555,1,057.099,,,,,,
210916,065715.509,333,00098765,555,1,056.102,,,,,,
210916,065750.811,333,00098765,555,1,016.290,,,,,,
210916,065813.297,333,00098765,555,2,025.138,,,,,,
210916,065811.142,333,00098765,555,2,019.502,,,,,,
210916,065816.745,333,00098765,555,2,000.000,,,,,,
210916,065838.368,333,00098765,555,2,047.617,,,,,,
210916,065904.603,333,00098765,555,2,000.000,,,,,,
210916,065905.307,333,00098765,555,1,020.093,,,,,,
210916,065908.084,333,00098765,555,2,029.246,,,,,,
210916,065910.530,333,00098765,555,2,028.048,,,,,,
210916,065916.558,333,00098765,555,2,063.692,,,,,,
210916,065921.755,333,00098765,555,1,018.492,,,,,,
210916,065943.728,333,00098765,555,2,057.099,,,,,,
210916,070048.633,333,00098765,555,1,013.710,,,,,,
210916,070046.821,333,00098765,555,2,017.659,,,,,,
210916,070051.994,333,00098765,555,1,020.559,,,,,,
210916,070056.560,333,00098765,555,1,058.391,,,,,,
210916,070101.593,333,00098765,555,2,048.086,,,,,,
210916,070103.181,333,00098765,555,2,052.330,,,,,,
210916,070123.501,333,00098765,555,2,050.814,,,,,,
210916,070148.024,333,00098765,555,2,017.971,,,,,,
210916,070154.324,333,00098765,555,2,051.814,,,,,,
210916,070239.521,333,00098765,555,1,000.000,,,,,,
210916,070331.258,333,00098765,555,2,022.221,,,,,,
210916,070345.274,333,00098765,555,2,053.144,,,,,,
210916,070347.077,333,00098765,555,2,059.918,,,,,,
210916,070511.465,333,00098765,555,2,061.009,,,,,,
210916,070520.177,333,00098765,555,1,020.012,,,,,,
210916,070530.288,333,00098765,555,1,018.062,,,,,,
210916,070556.484,333,00098765,555,1,016.585,,,,,,
210916,070557.126,333,00098765,555,2,015.865,,,,,,
210916,070640.627,333,00098765,555,2,052.253,,,,,,
210916,070642.531,333,00098765,555,2,054.238,,,,,,
210916,070707.495,333,00098765,555,1,016.258,,,,,,
210916,070709.700,333,00098765,555,1,019.879,,,,,,
210916,070704.883,333,00098765,555,2,000.000,,,,,,
210916,070749.286,333,00098765,555,2,055.812,,,,,,
210916,070752.520,333,00098765,555,1,052.130,,,,,,
210916,070814.832,333,00098765,555,3,000.000,,,,,,
210916,070851.440,333,00098765,555,2,021.277,,,,,,
210916,070853.333,333,00098765,555,2,025.327,,,,,,
210916,070856.291,333,00098765,555,2,032.378,,,,,,
210916,070919.803,333,00098765,555,2,055.532,,,,,,
210916,071009.702,333,00098765,555,1,014.168,,,,,,
210916,071012.543,333,00098765,555,1,015.170,,,,,,
210916,071009.011,333,00098765,555,2,041.013,,,,,,
210916,071023.687,333,00098765,555,2,060.061,,,,,,
210916,071026.286,333,00098765,555,1,052.855,,,,,,
210916,071041.707,333,00098765,555,1,018.739,,,,,,
210916,071142.248,333,00098765,555,2,021.189,,,,,,
210916,071146.164,333,00098765,555,1,023.918,,,,,,
210916,071149.355,333,00098765,555,2,054.625,,,,,,
210916,071145.467,333,00098765,555,2,024.119,,,,,,
210916,071231.518,333,00098765,555,2,011.417,,,,,,
210916,071250.444,333,00098765,555,1,023.435,,,,,,
210916,071258.874,333,00098765,555,1,059.026,,,,,,
210916,071311.101,333,00098765,555,2,059.244,,,,,,
210916,071353.809,333,00098765,555,3,000.000,,,,,,
210916,071405.968,333,00098765,555,1,016.030,,,,,,
210916,071506.125,333,00098765,555,1,000.000,,,,,,
210916,071512.471,333,00098765,555,3,000.000,,,,,,
210916,071549.245,333,00098765,555,1,000.000,,,,,,
210916,071555.899,333,00098765,555,2,051.780,,,,,,
210916,071612.127,333,00098765,555,2,068.538,,,,,,
210916,071630.525,333,00098765,555,1,020.447,,,,,,
210916,071701.020,333,00098765,555,1,021.104,,,,,,
210916,071705.547,333,00098765,555,1,000.000,,,,,,
210916,071707.899,333,00098765,555,1,024.167,,,,,,
210916,071724.942,333,00098765,555,1,051.243,,,,,,
210916,071729.658,333,00098765,555,2,056.295,,,,,,
210916,071809.205,333,00098765,555,2,039.633,,,,,,
210916,071810.590,333,00098765,555,1,044.353,,,,,,
210916,071813.025,333,00098765,555,2,054.943,,,,,,
210916,071825.390,333,00098765,555,1,016.676,,,,,,
210916,071827.315,333,00098765,555,1,016.873,,,,,,
210916,071829.165,333,00098765,555,1,018.872,,,,,,
210916,071844.480,333,00098765,555,1,049.325,,,,,,
210916,071848.187,333,00098765,555,2,055.010,,,,,,
210916,071854.495,333,00098765,555,2,053.552,,,,,,
210916,071856.083,333,00098765,555,2,057.821,,,,,,
210916,071908.917,333,00098765,555,1,000.000,,,,,,
210916,071952.215,333,00098765,555,1,017.013,,,,,,
210916,071949.643,333,00098765,555,1,022.416,,,,,,
210916,071949.656,333,00098765,555,2,019.406,,,,,,
210916,071953.435,333,00098765,555,2,025.756,,,,,,
210916,071955.332,333,00098765,555,2,028.267,,,,,,
210916,071956.992,333,00098765,555,2,030.517,,,,,,
210916,072007.066,333,00098765,555,1,000.000,,,,,,
210916,072104.901,333,00098765,555,1,018.328,,,,,,
210916,072104.346,333,00098765,555,2,013.412,,,,,,
210916,072107.957,333,00098765,555,1,028.409,,,,,,
210916,072129.665,333,00098765,555,1,062.439,,,,,,
210916,072132.836,333,00098765,555,2,054.613,,,,,,
210916,072235.045,333,00098765,555,1,023.840,,,,,,
210916,072236.931,333,00098765,555,1,025.776,,,,,,
210916,072234.760,333,00098765,555,2,023.126,,,,,,
210916,072238.300,333,00098765,555,2,028.772,,,,,,
210916,072238.747,333,00098765,555,1,031.309,,,,,,
210916,072240.156,333,00098765,555,2,029.637,,,,,,
210916,072241.785,333,00098765,555,2,031.144,,,,,,
210916,072248.205,333,00098765,555,1,019.072,,,,,,
210916,072249.531,333,00098765,555,2,054.057,,,,,,
210916,072251.679,333,00098765,555,2,050.222,,,,,,
210916,072255.258,333,00098765,555,3,028.680,,,,,,
210916,072342.089,333,00098765,555,1,022.872,,,,,,
210916,072342.062,333,00098765,555,2,015.527,,,,,,
210916,072350.035,333,00098765,555,3,043.970,,,,,,
210916,072344.033,333,00098765,555,2,022.999,,,,,,
210916,072412.722,333,00098765,555,1,017.932,,,,,,
210916,072415.194,333,00098765,555,1,000.000,,,,,,
210916,072458.350,333,00098765,555,3,021.324,,,,,,
210916,072459.793,333,00098765,555,2,017.491,,,,,,
210916,072504.553,333,00098765,555,2,048.144,,,,,,
210916,072514.814,333,00098765,555,1,046.619,,,,,,
210916,072616.283,333,00098765,555,1,017.819,,,,,,
210916,072619.420,333,00098765,555,1,025.172,,,,,,
210916,072617.119,333,00098765,555,2,013.770,,,,,,
210916,072622.885,333,00098765,555,1,008.058,,,,,,
210916,072627.457,333,00098765,555,2,024.352,,,,,,
210916,072632.518,333,00098765,555,1,017.430,,,,,,
210916,072623.617,333,00098765,555,2,000.000,,,,,,
210916,072647.391,333,00098765,555,1,019.588,,,,,,
210916,072646.368,333,00098765,555,2,050.921,,,,,,
210916,072741.980,333,00098765,555,1,016.999,,,,,,
210916,072742.073,333,00098765,555,2,017.630,,,,,,
210916,072755.317,333,00098765,555,3,013.200,,,,,,
210916,072903.982,333,00098765,555,1,018.164,,,,,,
210916,072912.152,333,00098765,555,1,022.153,,,,,,
210916,072907.516,333,00098765,555,1,023.575,,,,,,
210916,072910.144,333,00098765,555,1,032.002,,,,,,
210916,072905.555,333,00098765,555,2,014.477,,,,,,
210916,072909.846,333,00098765,555,2,022.331,,,,,,
210916,072911.294,333,00098765,555,2,024.366,,,,,,
210916,072919.307,333,00098765,555,3,016.451,,,,,,
210916,072945.451,333,00098765,555,3,057.805,,,,,,
210916,073002.503,333,00098765,555,1,018.696,,,,,,
210916,073040.417,333,00098765,555,1,014.107,,,,,,
210916,073045.456,333,00098765,555,1,018.132,,,,,,
210916,073044.207,333,00098765,555,1,023.677,,,,,,
210916,073229.176,333,00098765,555,1,015.106,,,,,,
210916,073226.354,333,00098765,555,2,016.825,,,,,,
210916,073228.693,333,00098765,555,2,024.788,,,,,,
210916,073233.440,333,00098765,555,1,000.000,,,,,,
210916,073235.924,333,00098765,555,1,021.769,,,,,,
210916,073231.077,333,00098765,555,1,024.280,,,,,,
210916,073257.492,333,00098765,555,2,061.135,,,,,,
210916,073300.480,333,00098765,555,2,058.150,,,,,,
210916,073346.926,333,00098765,555,1,018.019,,,,,,
210916,073343.008,333,00098765,555,2,018.861,,,,,,
210916,073343.897,333,00098765,555,1,020.394,,,,,,
210916,073345.548,333,00098765,555,2,028.993,,,,,,
210916,073349.094,333,00098765,555,1,030.319,,,,,,
210916,073407.428,333,00098765,555,1,000.000,,,,,,
210916,073407.287,333,00098765,555,2,057.113,,,,,,
210916,073413.130,333,00098765,555,1,051.886,,,,,,
210916,073451.004,333,00098765,555,1,012.051,,,,,,
210916,073452.906,333,00098765,555,1,018.214,,,,,,
210916,073455.291,333,00098765,555,1,019.457,,,,,,
210916,073519.993,333,00098765,555,1,019.827,,,,,,
210916,073524.713,333,00098765,555,2,055.810,,,,,,
210916,073529.631,333,00098765,555,1,057.436,,,,,,
210916,073534.679,333,00098765,555,1,058.249,,,,,,
210916,073534.070,333,00098765,555,2,049.424,,,,,,
210916,073540.025,333,00098765,555,2,000.000,,,,,,
210916,073548.666,333,00098765,555,2,053.774,,,,,,
210916,073555.525,333,00098765,555,2,053.215,,,,,,
210916,073558.412,333,00098765,555,2,050.868,,,,,,
210916,073612.352,333,00098765,555,1,018.210,,,,,,
210916,073635.492,333,00098765,555,1,008.713,,,,,,
210916,073706.164,333,00098765,555,2,020.793,,,,,,
210916,073708.592,333,00098765,555,1,025.084,,,,,,
210916,073717.660,333,00098765,555,1,000.000,,,,,,
210916,073724.344,333,00098765,555,2,059.389,,,,,,
210916,073728.677,333,00098765,555,2,052.076,,,,,,
210916,073733.305,333,00098765,555,1,054.853,,,,,,
210916,073734.701,333,00098765,555,2,057.207,,,,,,
210916,073737.026,333,00098765,555,1,051.695,,,,,,
210916,073746.994,333,00098765,555,1,018.101,,,,,,
210916,073751.219,333,00098765,555,1,015.207,,,,,,
210916,073752.511,333,00098765,555,2,057.961,,,,,,
210916,073850.836,333,00098765,555,3,034.934,,,,,,
210916,073854.288,333,00098765,555,2,024.479,,,,,,
210916,073905.524,333,00098765,555,2,056.365,,,,,,
210916,073920.802,333,00098765,555,2,022.844,,,,,,
210916,073923.068,333,00098765,555,1,024.574,,,,,,
210916,073924.955,333,00098765,555,1,023.395,,,,,,
210916,073926.284,333,00098765,555,1,020.475,,,,,,
210916,073927.805,333,00098765,555,1,000.000,,,,,,
210916,073930.823,333,00098765,555,1,021.233,,,,,,
210916,074011.567,333,00098765,555,1,047.408,,,,,,
210916,074024.873,333,00098765,555,2,051.119,,,,,,
210916,074033.353,333,00098765,555,1,060.501,,,,,,
210916,074033.684,333,00098765,555,2,043.601,,,,,,
210916,074035.689,333,00098765,555,2,045.385,,,,,,
210916,074037.426,333,00098765,555,2,047.666,,,,,,
210916,074053.382,333,00098765,555,1,000.000,,,,,,
210916,074056.354,333,00098765,555,1,020.709,,,,,,
210916,074058.272,333,00098765,555,1,000.000,,,,,,
210916,074103.357,333,00098765,555,1,000.000,,,,,,
210916,074133.325,333,00098765,555,2,052.387,,,,,,
210916,074139.483,333,00098765,555,1,016.132,,,,,,
210916,074143.226,333,00098765,555,2,000.000,,,,,,
210916,074146.146,333,00098765,555,1,061.022,,,,,,
210916,074156.905,333,00098765,555,1,056.272,,,,,,
210916,074216.443,333,00098765,555,2,053.575,,,,,,
210916,074221.948,333,00098765,555,1,000.000,,,,,,
210916,074226.252,333,00098765,555,2,058.796,,,,,,
210916,074257.872,333,00098765,555,1,018.381,,,,,,
210916,074258.272,333,00098765,555,1,000.000,,,,,,
210916,074259.926,333,00098765,555,1,020.302,,,,,,
210916,074325.864,333,00098765,555,1,000.000,,,,,,
210916,074328.177,333,00098765,555,1,000.000,,,,,,
210916,074329.112,333,00098765,555,2,024.498,,,,,,
210916,074325.118,333,00098765,555,2,000.000,,,,,,
210916,074331.416,333,00098765,555,1,006.815,,,,,,
210916,074337.137,333,00098765,555,2,034.805,,,,,,
210916,074336.294,333,00098765,555,1,010.347,,,,,,
210916,074354.726,333,00098765,555,3,010.905,,,,,,
210916,074411.794,333,00098765,555,1,000.000,,,,,,
210916,074430.156,333,00098765,555,2,000.000,,,,,,
210916,074430.233,333,00098765,555,1,017.171,,,,,,
210916,074432.410,333,00098765,555,1,000.000,,,,,,
210916,074513.555,333,00098765,555,1,014.659,,,,,,
210916,074511.793,333,00098765,555,2,020.817,,,,,,
210916,074515.380,333,00098765,555,1,027.043,,,,,,
210916,074515.066,333,00098765,555,2,028.971,,,,,,
210916,074517.333,333,00098765,555,1,030.576,,,,,,
210916,074516.991,333,00098765,555,2,032.579,,,,,,
210916,074520.206,333,00098765,555,1,049.394,,,,,,
210916,074521.415,333,00098765,555,2,035.236,,,,,,
210916,074518.652,333,00098765,555,2,034.759,,,,,,
210916,074519.899,333,00098765,555,2,037.192,,,,,,
210916,074524.904,333,00098765,555,1,020.428,,,,,,
210916,074522.637,333,00098765,555,2,040.345,,,,,,
210916,074527.226,333,00098765,555,1,018.584,,,,,,
210916,074528.520,333,00098765,555,2,000.000,,,,,,
210916,074529.072,333,00098765,555,1,029.523,,,,,,
210916,074531.098,333,00098765,555,1,033.386,,,,,,
210916,074535.919,333,00098765,555,1,019.836,,,,,,
210916,074537.703,333,00098765,555,1,020.361,,,,,,
210916,074601.701,333,00098765,555,3,024.408,,,,,,
210916,074616.775,333,00098765,555,3,026.023,,,,,,
210916,074623.393,333,00098765,555,2,011.274,,,,,,
210916,074635.169,333,00098765,555,1,018.191,,,,,,
210916,074638.479,333,00098765,555,1,025.925,,,,,,
210916,074637.267,333,00098765,555,2,029.517,,,,,,
210916,074640.847,333,00098765,555,1,034.677,,,,,,
210916,074652.248,333,00098765,555,1,024.686,,,,,,
210916,074650.228,333,00098765,555,1,038.608,,,,,,
210916,074701.182,333,00098765,555,1,019.834,,,,,,
210916,074710.868,333,00098765,555,1,053.079,,,,,,
210916,074717.587,333,00098765,555,2,052.546,,,,,,
210916,074812.510,333,00098765,555,1,021.187,,,,,,
210916,074817.292,333,00098765,555,1,000.000,,,,,,
210916,074814.165,333,00098765,555,1,018.741,,,,,,
210916,074811.166,333,00098765,555,3,007.547,,,,,,
210916,074816.115,333,00098765,555,2,025.544,,,,,,
210916,074818.496,333,00098765,555,2,026.402,,,,,,
210916,074823.503,333,00098765,555,2,061.053,,,,,,
210916,074828.533,333,00098765,555,2,057.276,,,,,,
210916,074841.147,333,00098765,555,2,049.389,,,,,,
210916,074944.587,333,00098765,555,2,020.175,,,,,,
210916,074945.869,333,00098765,555,1,018.177,,,,,,
210916,074946.968,333,00098765,555,2,000.000,,,,,,
210916,074948.623,333,00098765,555,1,011.812,,,,,,
210916,074950.150,333,00098765,555,2,032.779,,,,,,
210916,074952.665,333,00098765,555,2,035.543,,,,,,
210916,074954.639,333,00098765,555,1,016.763,,,,,,
210916,074958.856,333,00098765,555,2,036.980,,,,,,
210916,075002.431,333,00098765,555,1,027.140,,,,,,
210916,075008.197,333,00098765,555,1,000.000,,,,,,
210916,075012.753,333,00098765,555,2,052.984,,,,,,
210916,075014.437,333,00098765,555,2,057.271,,,,,,
210916,075122.242,333,00098765,555,1,017.075,,,,,,
210916,075123.443,333,00098765,555,2,036.168,,,,,,
210916,075126.282,333,00098765,555,1,018.826,,,,,,
210916,075121.709,333,00098765,555,2,028.629,,,,,,
210916,075125.452,333,00098765,555,2,035.873,,,,,,
210916,075127.526,333,00098765,555,2,039.436,,,,,,
210916,075128.395,333,00098765,555,1,034.647,,,,,,
210916,075131.131,333,00098765,555,1,036.473,,,,,,
210916,075132.124,333,00098765,555,2,056.653,,,,,,
210916,075141.493,333,00098765,555,2,060.713,,,,,,
210916,075152.367,333,00098765,555,1,045.482,,,,,,
210916,075150.620,333,00098765,555,2,046.586,,,,,,
210916,075158.188,333,00098765,555,2,049.727,,,,,,
210916,075203.384,333,00098765,555,2,057.929,,,,,,
210916,075200.809,333,00098765,555,2,051.495,,,,,,
210916,075209.572,333,00098765,555,2,049.827,,,,,,
210916,075235.541,333,00098765,555,3,025.369,,,,,,
210916,075241.070,333,00098765,555,2,015.796,,,,,,
210916,075246.580,333,00098765,555,1,019.971,,,,,,
210916,075253.364,333,00098765,555,1,000.000,,,,,,
210916,075253.970,333,00098765,555,2,051.153,,,,,,
210916,075304.657,333,00098765,555,2,056.456,,,,,,
210916,075318.742,333,00098765,555,1,020.854,,,,,,
210916,075322.893,333,00098765,555,2,054.493,,,,,,
210916,075324.389,333,00098765,555,1,046.220,,,,,,
210916,075327.841,333,00098765,555,2,051.328,,,,,,
210916,075334.151,333,00098765,555,1,000.000,,,,,,
210916,075338.926,333,00098765,555,2,060.751,,,,,,
210916,075448.490,333,00098765,555,1,018.039,,,,,,
210916,075440.867,333,00098765,555,3,004.009,,,,,,
210916,075501.809,333,00098765,555,2,000.000,,,,,,
210916,075533.107,333,00098765,555,3,021.847,,,,,,
210916,075617.902,333,00098765,555,1,016.159,,,,,,
210916,075615.022,333,00098765,555,2,016.751,,,,,,
210916,075620.487,333,00098765,555,1,027.077,,,,,,
210916,075617.521,333,00098765,555,2,022.977,,,,,,
210916,075622.519,333,00098765,555,1,028.852,,,,,,
210916,075619.290,333,00098765,555,2,027.496,,,,,,
210916,075621.168,333,00098765,555,2,035.363,,,,,,
210916,075626.705,333,00098765,555,1,018.051,,,,,,
210916,075623.742,333,00098765,555,2,039.139,,,,,,
210916,075629.737,333,00098765,555,2,054.431,,,,,,
210916,075636.244,333,00098765,555,2,055.733,,,,,,
210916,075652.812,333,00098765,555,2,056.095,,,,,,
210916,075702.613,333,00098765,555,1,013.729,,,,,,
210916,075736.472,333,00098765,555,2,015.755,,,,,,
210916,075741.826,333,00098765,555,2,025.142,,,,,,
210916,075739.270,333,00098765,555,2,020.585,,,,,,
210916,075742.794,333,00098765,555,1,040.257,,,,,,
210916,075743.851,333,00098765,555,2,030.172,,,,,,
210916,075745.392,333,00098765,555,2,031.820,,,,,,
210916,075752.754,333,00098765,555,1,000.000,,,,,,
210916,075754.803,333,00098765,555,1,019.988,,,,,,
210916,075758.991,333,00098765,555,1,018.128,,,,,,
210916,075830.521,333,00098765,555,2,052.726,,,,,,
210916,075852.120,333,00098765,555,3,023.937,,,,,,
210916,075914.838,333,00098765,555,1,016.111,,,,,,
210916,075914.448,333,00098765,555,2,017.016,,,,,,
210916,075916.412,333,00098765,555,1,031.637,,,,,,
210916,075916.208,333,00098765,555,2,024.219,,,,,,
210916,075919.052,333,00098765,555,2,033.577,,,,,,
210916,075951.890,333,00098765,555,1,000.000,,,,,,
210916,075959.515,333,00098765,555,1,057.122,,,,,,
210916,080002.520,333,00098765,555,2,061.501,,,,,,
210916,080002.680,333,00098765,555,3,022.281,,,,,,
210916,080004.575,333,00098765,555,2,056.586,,,,,,
210916,080009.309,333,00098765,555,1,000.000,,,,,,
210916,080019.125,333,00098765,555,1,019.447,,,,,,
210916,080023.989,333,00098765,555,1,019.816,,,,,,
210916,080024.711,333,00098765,555,2,056.286,,,,,,
210916,080124.422,333,00098765,555,1,015.604,,,,,,
210916,080121.998,333,00098765,555,2,041.877,,,,,,
210916,080127.249,333,00098765,555,1,018.973,,,,,,
210916,080120.378,333,00098765,555,1,018.315,,,,,,
210916,080129.654,333,00098765,555,2,040.935,,,,,,
210916,080127.849,333,00098765,555,2,035.453,,,,,,
210916,080136.039,333,00098765,555,2,050.241,,,,,,
210916,080145.984,333,00098765,555,1,055.808,,,,,,
210916,080148.293,333,00098765,555,2,051.273,,,,,,
210916,080156.686,333,00098765,555,2,056.081,,,,,,
210916,080214.146,333,00098765,555,2,059.313,,,,,,
210916,080257.619,333,00098765,555,2,018.337,,,,,,
210916,080300.169,333,00098765,555,2,026.901,,,,,,
210916,080321.101,333,00098765,555,2,049.491,,,,,,
210916,080330.799,333,00098765,555,2,052.727,,,,,,
210916,080344.029,333,00098765,555,1,053.479,,,,,,
210916,080419.655,333,00098765,555,3,000.000,,,,,,
210916,080502.182,333,00098765,555,1,013.224,,,,,,
210916,080505.681,333,00098765,555,1,017.791,,,,,,
210916,080502.694,333,00098765,555,2,028.333,,,,,,
210916,080504.168,333,00098765,555,2,024.618,,,,,,
210916,080507.441,333,00098765,555,1,024.919,,,,,,
210916,080507.556,333,00098765,555,2,039.646,,,,,,
210916,080509.563,333,00098765,555,1,037.743,,,,,,
210916,080510.018,333,00098765,555,2,039.576,,,,,,
210916,080513.364,333,00098765,555,2,034.775,,,,,,
210916,080514.623,333,00098765,555,2,038.908,,,,,,
210916,080518.414,333,00098765,555,2,056.046,,,,,,
210916,080523.184,333,00098765,555,2,054.538,,,,,,
210916,080528.515,333,00098765,555,1,019.606,,,,,,
210916,080543.469,333,00098765,555,1,000.000,,,,,,
210916,080553.664,333,00098765,555,3,000.000,,,,,,
210916,080632.889,333,00098765,555,1,021.281,,,,,,
210916,080633.518,333,00098765,555,2,000.000,,,,,,
210916,080635.915,333,00098765,555,2,026.525,,,,,,
210916,080706.754,333,00098765,555,2,059.288,,,,,,
210916,080709.539,333,00098765,555,2,061.122,,,,,,
210916,080742.379,333,00098765,555,1,000.000,,,,,,
210916,080739.585,333,00098765,555,1,019.719,,,,,,
210916,080756.847,333,00098765,555,2,045.164,,,,,,
210916,080758.356,333,00098765,555,1,051.387,,,,,,
210916,080839.595,333,00098765,555,2,055.219,,,,,,
210916,080855.149,333,00098765,555,1,019.362,,,,,,
210916,080939.927,333,00098765,555,1,015.180,,,,,,
210916,080942.145,333,00098765,555,1,000.000,,,,,,
210916,080946.317,333,00098765,555,1,018.004,,,,,,
210916,080939.806,333,00098765,555,2,015.308,,,,,,
210916,080943.389,333,00098765,555,2,024.822,,,,,,
210916,080947.747,333,00098765,555,1,030.135,,,,,,
210916,080945.575,333,00098765,555,2,031.485,,,,,,
210916,080949.254,333,00098765,555,2,033.117,,,,,,
210916,080952.174,333,00098765,555,1,028.479,,,,,,
210916,080950.426,333,00098765,555,2,035.355,,,,,,
210916,080953.305,333,00098765,555,2,042.176,,,,,,
210916,080954.066,333,00098765,555,1,030.404,,,,,,
210916,080955.603,333,00098765,555,2,000.000,,,,,,
210916,080956.439,333,00098765,555,1,031.604,,,,,,
210916,080958.086,333,00098765,555,1,032.242,,,,,,
210916,080959.523,333,00098765,555,1,035.627,,,,,,
210916,081003.377,333,00098765,555,2,053.407,,,,,,
210916,081037.689,333,00098765,555,3,024.732,,,,,,
210916,081048.237,333,00098765,555,2,030.725,,,,,,
210916,081046.511,333,00098765,555,2,023.695,,,,,,
210916,081050.274,333,00098765,555,2,040.408,,,,,,
210916,081052.618,333,00098765,555,2,049.601,,,,,,
210916,081054.976,333,00098765,555,1,011.431,,,,,,
210916,081054.809,333,00098765,555,2,045.068,,,,,,
210916,081057.439,333,00098765,555,2,048.648,,,,,,
210916,081059.239,333,00098765,555,2,049.077,,,,,,
210916,081101.783,333,00098765,555,2,050.916,,,,,,
210916,081139.853,333,00098765,555,2,056.034,,,,,,
210916,081225.802,333,00098765,555,1,021.174,,,,,,
210916,081227.417,333,00098765,555,2,019.872,,,,,,
210916,081230.077,333,00098765,555,2,026.561,,,,,,
210916,081235.498,333,00098765,555,1,053.769,,,,,,
210916,081236.966,333,00098765,555,2,054.562,,,,,,
210916,081238.371,333,00098765,555,2,055.352,,,,,,
210916,081240.056,333,00098765,555,2,055.751,,,,,,
210916,081242.089,333,00098765,555,2,055.655,,,,,,
210916,081243.905,333,00098765,555,2,052.419,,,,,,
210916,081251.145,333,00098765,555,2,055.645,,,,,,
210916,081300.563,333,00098765,555,1,020.740,,,,,,
210916,081257.408,333,00098765,555,2,059.254,,,,,,
210916,081311.517,333,00098765,555,2,061.020,,,,,,
210916,081427.158,333,00098765,555,1,013.341,,,,,,
210916,081427.512,333,00098765,555,2,021.718,,,,,,
210916,081432.722,333,00098765,555,1,031.745,,,,,,
210916,081431.330,333,00098765,555,2,026.823,,,,,,
210916,081434.077,333,00098765,555,2,029.830,,,,,,
210916,081436.075,333,00098765,555,1,049.886,,,,,,
210916,081436.349,333,00098765,555,2,030.939,,,,,,
210916,081438.155,333,00098765,555,2,039.807,,,,,,
210916,081440.337,333,00098765,555,2,046.304,,,,,,
210916,081446.387,333,00098765,555,2,056.102,,,,,,
210916,081453.173,333,00098765,555,1,052.656,,,,,,
210916,081501.748,333,00098765,555,2,058.258,,,,,,
210916,081507.092,333,00098765,555,2,050.176,,,,,,
210916,081508.476,333,00098765,555,2,053.013,,,,,,
210916,081601.557,333,00098765,555,1,011.806,,,,,,
210916,081602.891,333,00098765,555,1,016.441,,,,,,
210916,081559.740,333,00098765,555,2,021.184,,,,,,
210916,081601.988,333,00098765,555,2,027.728,,,,,,
210916,081606.995,333,00098765,555,2,052.048,,,,,,
210916,081611.077,333,00098765,555,1,018.538,,,,,,
210916,081612.691,333,00098765,555,1,017.326,,,,,,
210916,081614.555,333,00098765,555,1,018.864,,,,,,
210916,081617.529,333,00098765,555,1,017.667,,,,,,
210916,081646.473,333,00098765,555,1,018.548,,,,,,
210916,081656.372,333,00098765,555,1,000.000,,,,,,
210916,081736.378,333,00098765,555,1,013.628,,,,,,
210916,081738.523,333,00098765,555,1,014.800,,,,,,
210916,081740.701,333,00098765,555,1,017.617,,,,,,
210916,081738.235,333,00098765,555,2,040.745,,,,,,
210916,081736.191,333,00098765,555,3,006.284,,,,,,
210916,081715.764,333,00098765,555,2,014.164,,,,,,
210916,081745.758,333,00098765,555,1,056.526,,,,,,
210916,081746.851,333,00098765,555,2,059.087,,,,,,
210916,081751.181,333,00098765,555,1,025.548,,,,,,
210916,081752.149,333,00098765,555,2,058.813,,,,,,
210916,081754.258,333,00098765,555,1,053.448,,,,,,
210916,081756.956,333,00098765,555,2,054.147,,,,,,
210916,081801.823,333,00098765,555,2,053.998,,,,,,
210916,081804.128,333,00098765,555,2,055.383,,,,,,
210916,081806.048,333,00098765,555,1,056.809,,,,,,
210916,081811.497,333,00098765,555,1,059.726,,,,,,
210916,081813.999,333,00098765,555,2,052.506,,,,,,
210916,081818.624,333,00098765,555,2,052.659,,,,,,
210916,081829.554,333,00098765,555,1,061.287,,,,,,
210916,081909.977,333,00098765,555,1,021.045,,,,,,
210916,081909.909,333,00098765,555,3,004.968,,,,,,
210916,081915.670,333,00098765,555,1,021.953,,,,,,
210916,081908.429,333,00098765,555,2,016.400,,,,,,
210916,081912.234,333,00098765,555,2,030.580,,,,,,
210916,081914.232,333,00098765,555,2,033.214,,,,,,
210916,081916.469,333,00098765,555,2,048.546,,,,,,
210916,081952.723,333,00098765,555,2,055.808,,,,,,
210916,081958.261,333,00098765,555,1,055.195,,,,,,
210916,082008.528,333,00098765,555,3,007.997,,,,,,
210916,082039.899,333,00098765,555,1,000.000,,,,,,
210916,082038.796,333,00098765,555,2,031.968,,,,,,
210916,082057.826,333,00098765,555,2,051.793,,,,,,
210916,082108.415,333,00098765,555,3,019.531,,,,,,
210916,082115.135,333,00098765,555,2,056.748,,,,,,
210916,082232.510,333,00098765,555,1,021.770,,,,,,
210916,082234.760,333,00098765,555,1,027.131,,,,,,
210916,082232.934,333,00098765,555,2,021.764,,,,,,
210916,082237.313,333,00098765,555,1,019.011,,,,,,
210916,082239.551,333,00098765,555,1,020.517,,,,,,
210916,082235.861,333,00098765,555,2,028.091,,,,,,
210916,082237.320,333,00098765,555,2,028.913,,,,,,
210916,082238.983,333,00098765,555,2,032.846,,,,,,
210916,082240.850,333,00098765,555,2,037.104,,,,,,
210916,082241.264,333,00098765,555,1,029.805,,,,,,
210916,082243.952,333,00098765,555,2,033.650,,,,,,
210916,082249.734,333,00098765,555,3,009.997,,,,,,
210916,082246.449,333,00098765,555,2,033.261,,,,,,
210916,082247.269,333,00098765,555,1,042.542,,,,,,
210916,082258.554,333,00098765,555,1,053.903,,,,,,
210916,082300.556,333,00098765,555,1,059.284,,,,,,
210916,082301.805,333,00098765,555,2,046.707,,,,,,
210916,082302.699,333,00098765,555,1,061.410,,,,,,
210916,082305.554,333,00098765,555,1,020.700,,,,,,
210916,082304.196,333,00098765,555,2,050.849,,,,,,
210916,082309.888,333,00098765,555,2,054.473,,,,,,
210916,082348.537,333,00098765,555,3,000.000,,,,,,
210916,082403.213,333,00098765,555,1,017.376,,,,,,
210916,082406.196,333,00098765,555,1,020.211,,,,,,
210916,082401.655,333,00098765,555,2,000.000,,,,,,
210916,082411.883,333,00098765,555,1,000.000,,,,,,
210916,082414.527,333,00098765,555,1,014.947,,,,,,
210916,082413.730,333,00098765,555,2,000.000,,,,,,
210916,082452.971,333,00098765,555,1,014.241,,,,,,
210916,082502.227,333,00098765,555,1,019.494,,,,,,
210916,082540.540,333,00098765,555,2,016.021,,,,,,
210916,082544.322,333,00098765,555,2,022.706,,,,,,
210916,082611.872,333,00098765,555,2,047.122,,,,,,
210916,082612.871,333,00098765,555,2,048.269,,,,,,
210916,082708.311,333,00098765,555,2,022.872,,,,,,
210916,082713.024,333,00098765,555,2,034.726,,,,,,
210916,082713.012,333,00098765,555,1,020.091,,,,,,
210916,082711.069,333,00098765,555,2,028.845,,,,,,
210916,082714.882,333,00098765,555,2,037.382,,,,,,
210916,082719.664,333,00098765,555,2,032.757,,,,,,
210916,082717.493,333,00098765,555,2,029.391,,,,,,
210916,082721.052,333,00098765,555,2,033.128,,,,,,
210916,082738.180,333,00098765,555,2,053.571,,,,,,
210916,082810.146,333,00098765,555,3,021.044,,,,,,
210916,082838.023,333,00098765,555,2,018.529,,,,,,
210916,082840.907,333,00098765,555,2,030.886,,,,,,
210916,082844.015,333,00098765,555,2,040.176,,,,,,
210916,082850.337,333,00098765,555,2,054.122,,,,,,
210916,082854.943,333,00098765,555,2,064.828,,,,,,
210916,082904.212,333,00098765,555,2,054.730,,,,,,
210916,082907.971,333,00098765,555,2,061.520,,,,,,
210916,082911.085,333,00098765,555,2,060.359,,,,,,
210916,082913.579,333,00098765,555,2,061.900,,,,,,
210916,083014.012,333,00098765,555,1,022.835,,,,,,
210916,083010.028,333,00098765,555,2,021.184,,,,,,
210916,083012.621,333,00098765,555,2,026.354,,,,,,
210916,083016.155,333,00098765,555,1,051.788,,,,,,
210916,083015.719,333,00098765,555,2,027.523,,,,,,
210916,083018.860,333,00098765,555,1,043.968,,,,,,
210916,083024.218,333,00098765,555,2,055.491,,,,,,
210916,083147.573,333,00098765,555,2,022.842,,,,,,
210916,083151.115,333,00098765,555,1,018.417,,,,,,
210916,083150.496,333,00098765,555,2,029.159,,,,,,
210916,083154.260,333,00098765,555,2,035.205,,,,,,
210916,083152.858,333,00098765,555,2,032.087,,,,,,
210916,083156.249,333,00098765,555,2,040.709,,,,,,
210916,083204.029,333,00098765,555,1,018.997,,,,,,
210916,083213.650,333,00098765,555,1,019.585,,,,,,
210916,083215.966,333,00098765,555,1,021.200,,,,,,
210916,083218.911,333,00098765,555,1,018.509,,,,,,
210916,083228.717,333,00098765,555,1,014.886,,,,,,
210916,083230.968,333,00098765,555,1,000.000,,,,,,
210916,083315.707,333,00098765,555,1,019.366,,,,,,
210916,083314.683,333,00098765,555,2,000.000,,,,,,
210916,083317.418,333,00098765,555,2,023.344,,,,,,
210916,083319.330,333,00098765,555,2,027.900,,,,,,
210916,083318.773,333,00098765,555,1,024.571,,,,,,
210916,083321.244,333,00098765,555,2,032.985,,,,,,
210916,083323.987,333,00098765,555,2,042.487,,,,,,
210916,083326.884,333,00098765,555,2,048.168,,,,,,
210916,083400.311,333,00098765,555,1,015.883,,,,,,
210916,083436.761,333,00098765,555,1,014.849,,,,,,
210916,083440.830,333,00098765,555,1,019.526,,,,,,
210916,083436.213,333,00098765,555,2,019.622,,,,,,
210916,083438.746,333,00098765,555,2,026.973,,,,,,
210916,083440.933,333,00098765,555,2,034.227,,,,,,
210916,083440.491,333,00098765,555,3,006.025,,,,,,
210916,083503.201,333,00098765,555,2,054.732,,,,,,
210916,083505.770,333,00098765,555,1,016.826,,,,,,
210916,083508.072,333,00098765,555,1,042.725,,,,,,
210916,083509.483,333,00098765,555,2,056.575,,,,,,
210916,083512.803,333,00098765,555,2,052.063,,,,,,
210916,083517.203,333,00098765,555,2,052.904,,,,,,
210916,083525.271,333,00098765,555,1,036.619,,,,,,
210916,083629.807,333,00098765,555,2,031.698,,,,,,
210916,083626.151,333,00098765,555,2,021.046,,,,,,
210916,083628.308,333,00098765,555,2,026.777,,,,,,
210916,083633.851,333,00098765,555,1,020.577,,,,,,
210916,083631.289,333,00098765,555,2,034.685,,,,,,
210916,083633.672,333,00098765,555,2,046.211,,,,,,
210916,083637.637,333,00098765,555,1,019.276,,,,,,
210916,083635.311,333,00098765,555,2,048.903,,,,,,
210916,083643.276,333,00098765,555,2,046.887,,,,,,
210916,083650.071,333,00098765,555,2,058.544,,,,,,
210916,083653.142,333,00098765,555,2,050.657,,,,,,
210916,083654.263,333,00098765,555,1,055.916,,,,,,
210916,083655.789,333,00098765,555,2,054.931,,,,,,
210916,083756.628,333,00098765,555,1,006.474,,,,,,
210916,083801.821,333,00098765,555,1,013.918,,,,,,
210916,083806.608,333,00098765,555,1,016.881,,,,,,
210916,083759.848,333,00098765,555,2,016.351,,,,,,
210916,083802.250,333,00098765,555,2,024.223,,,,,,
210916,083809.466,333,00098765,555,2,039.830,,,,,,
210916,083811.189,333,00098765,555,2,047.205,,,,,,
210916,083824.135,333,00098765,555,2,059.289,,,,,,
210916,083859.869,333,00098765,555,3,025.922,,,,,,
210916,083948.645,333,00098765,555,1,018.625,,,,,,
210916,083952.668,333,00098765,555,1,020.595,,,,,,
210916,083947.052,333,00098765,555,2,019.522,,,,,,
210916,083950.369,333,00098765,555,1,028.845,,,,,,
210916,083949.056,333,00098765,555,2,026.708,,,,,,
210916,083955.785,333,00098765,555,1,015.878,,,,,,
210916,084002.110,333,00098765,555,2,055.166,,,,,,
210916,084003.826,333,00098765,555,2,055.515,,,,,,
210916,084006.945,333,00098765,555,1,055.066,,,,,,
210916,084007.576,333,00098765,555,2,055.630,,,,,,
210916,084009.135,333,00098765,555,2,058.216,,,,,,
210916,084011.262,333,00098765,555,1,058.576,,,,,,
210916,084019.859,333,00098765,555,1,023.484,,,,,,
210916,084022.279,333,00098765,555,2,058.162,,,,,,
210916,084109.273,333,00098765,555,1,016.506,,,,,,
210916,084111.519,333,00098765,555,1,018.527,,,,,,
210916,084110.295,333,00098765,555,2,017.985,,,,,,
210916,084111.967,333,00098765,555,2,025.476,,,,,,
210916,084115.159,333,00098765,555,2,030.839,,,,,,
210916,084122.109,333,00098765,555,2,049.636,,,,,,
210916,084120.187,333,00098765,555,1,050.782,,,,,,
210916,084121.175,333,00098765,555,2,046.543,,,,,,
210916,084124.238,333,00098765,555,1,000.000,,,,,,
210916,084126.905,333,00098765,555,3,041.888,,,,,,
210916,084126.113,333,00098765,555,1,000.000,,,,,,
210916,084128.568,333,00098765,555,2,053.173,,,,,,
210916,084129.764,333,00098765,555,3,006.560,,,,,,
210916,084134.260,333,00098765,555,2,051.781,,,,,,
210916,084155.912,333,00098765,555,2,051.251,,,,,,
210916,084211.024,333,00098765,555,3,000.000,,,,,,
210916,084213.584,333,00098765,555,3,000.000,,,,,,
210916,084218.041,333,00098765,555,2,000.000,,,,,,
210916,084302.947,333,00098765,555,1,026.995,,,,,,
210916,084300.243,333,00098765,555,1,020.601,,,,,,
210916,084301.896,333,00098765,555,2,029.617,,,,,,
210916,084303.778,333,00098765,555,2,027.465,,,,,,
210916,084304.732,333,00098765,555,1,030.967,,,,,,
210916,084306.059,333,00098765,555,2,031.083,,,,,,
210916,084308.161,333,00098765,555,2,034.970,,,,,,
210916,084313.890,333,00098765,555,1,000.000,,,,,,
210916,084323.933,333,00098765,555,1,000.000,,,,,,
210916,084415.516,333,00098765,555,2,018.536,,,,,,
210916,084415.715,333,00098765,555,1,016.694,,,,,,
210916,084421.408,333,00098765,555,2,047.956,,,,,,
210916,084424.729,333,00098765,555,2,055.949,,,,,,
210916,084427.574,333,00098765,555,2,054.931,,,,,,
210916,084449.125,333,00098765,555,1,019.896,,,,,,
210916,084452.838,333,00098765,555,1,022.618,,,,,,
210916,084455.968,333,00098765,555,1,019.332,,,,,,
210916,084508.169,333,00098765,555,1,013.309,,,,,,
210916,084542.421,333,00098765,555,1,000.000,,,,,,
210916,084542.413,333,00098765,555,2,020.484,,,,,,
210916,084544.984,333,00098765,555,2,026.714,,,,,,
210916,084620.534,333,00098765,555,1,017.694,,,,,,
210916,084622.057,333,00098765,555,1,000.000,,,,,,
210916,084620.495,333,00098765,555,2,052.385,,,,,,
210916,084622.984,333,00098765,555,2,053.242,,,,,,
210916,084621.638,333,00098765,555,2,058.381,,,,,,
210916,084625.188,333,00098765,555,1,051.006,,,,,,
210916,084637.690,333,00098765,555,1,011.229,,,,,,
210916,084645.811,333,00098765,555,1,000.000,,,,,,
210916,084737.549,333,00098765,555,1,018.540,,,,,,
210916,084739.446,333,00098765,555,1,027.680,,,,,,
210916,084741.589,333,00098765,555,1,025.410,,,,,,
210916,084736.496,333,00098765,555,1,017.676,,,,,,
210916,084740.243,333,00098765,555,2,027.001,,,,,,
210916,084743.414,333,00098765,555,1,031.163,,,,,,
210916,084743.492,333,00098765,555,2,038.510,,,,,,
210916,084745.199,333,00098765,555,1,034.223,,,,,,
210916,084817.518,333,00098765,555,1,021.983,,,,,,
210916,084825.024,333,00098765,555,1,000.000,,,,,,
210916,084828.524,333,00098765,555,1,020.577,,,,,,
210916,084904.930,333,00098765,555,3,035.045,,,,,,
210916,084918.178,333,00098765,555,2,018.999,,,,,,
210916,084921.580,333,00098765,555,2,027.444,,,,,,
210916,084921.494,333,00098765,555,1,000.000,,,,,,
210916,084926.610,333,00098765,555,1,015.689,,,,,,
210916,084924.920,333,00098765,555,2,034.332,,,,,,
210916,084924.131,333,00098765,555,2,033.281,,,,,,
210916,084930.359,333,00098765,555,2,040.277,,,,,,
210916,084932.432,333,00098765,555,2,048.558,,,,,,
210916,084936.557,333,00098765,555,1,059.275,,,,,,
210916,084935.011,333,00098765,555,2,045.709,,,,,,
210916,084936.494,333,00098765,555,2,049.105,,,,,,
210916,085103.915,333,00098765,555,1,021.140,,,,,,
210916,085105.628,333,00098765,555,2,021.354,,,,,,
210916,085107.264,333,00098765,555,2,027.024,,,,,,
210916,085109.209,333,00098765,555,2,031.493,,,,,,
210916,085133.440,333,00098765,555,1,060.006,,,,,,
210916,085137.442,333,00098765,555,1,054.073,,,,,,
210916,085135.897,333,00098765,555,2,050.533,,,,,,
210916,085143.675,333,00098765,555,1,059.139,,,,,,
210916,085144.551,333,00098765,555,2,058.140,,,,,,
210916,085150.854,333,00098765,555,1,057.720,,,,,,
210916,085153.523,333,00098765,555,1,057.505,,,,,,
210916,085155.368,333,00098765,555,2,058.892,,,,,,
210916,085157.913,333,00098765,555,2,057.250,,,,,,
210916,085159.147,333,00098765,555,1,057.072,,,,,,
210916,085207.612,333,00098765,555,1,000.000,,,,,,
210916,085210.776,333,00098765,555,1,000.000,,,,,,
210916,085259.224,333,00098765,555,1,000.000,,,,,,
210916,085256.589,333,00098765,555,2,019.125,,,,,,
210916,085257.429,333,00098765,555,3,011.380,,,,,,
210916,085301.381,333,00098765,555,2,000.000,,,,,,
210916,085305.748,333,00098765,555,2,032.429,,,,,,
210916,085259.680,333,00098765,555,2,021.354,,,,,,
210916,085304.077,333,00098765,555,2,031.604,,,,,,
210916,085311.363,333,00098765,555,1,000.000,,,,,,
210916,085309.026,333,00098765,555,2,034.442,,,,,,
210916,085307.327,333,00098765,555,1,029.301,,,,,,
210916,085311.606,333,00098765,555,2,041.550,,,,,,
210916,085315.698,333,00098765,555,2,037.881,,,,,,
210916,085318.294,333,00098765,555,1,047.259,,,,,,
210916,085330.808,333,00098765,555,1,020.953,,,,,,
210916,085328.736,333,00098765,555,1,044.692,,,,,,
210916,085326.726,333,00098765,555,1,044.944,,,,,,
210916,085329.531,333,00098765,555,2,045.939,,,,,,
210916,085333.085,333,00098765,555,1,049.108,,,,,,
210916,085335.877,333,00098765,555,1,054.979,,,,,,
210916,085408.983,333,00098765,555,3,000.000,,,,,,
210916,085449.648,333,00098765,555,1,052.297,,,,,,
210916,085453.631,333,00098765,555,1,000.000,,,,,,
210916,085451.273,333,00098765,555,1,049.974,,,,,,
210916,085451.144,333,00098765,555,2,048.902,,,,,,
210916,085455.729,333,00098765,555,1,000.000,,,,,,
210916,085455.929,333,00098765,555,2,043.419,,,,,,
210916,085502.958,333,00098765,555,1,000.000,,,,,,
210916,085508.388,333,00098765,555,2,051.641,,,,,,
210916,085519.799,333,00098765,555,1,023.564,,,,,,
210916,085523.694,333,00098765,555,1,060.758,,,,,,
210916,085525.193,333,00098765,555,2,051.760,,,,,,
210916,085529.368,333,00098765,555,2,052.920,,,,,,
210916,085531.984,333,00098765,555,3,019.798,,,,,,
210916,085531.908,333,00098765,555,1,052.791,,,,,,
210916,085534.878,333,00098765,555,1,053.883,,,,,,
210916,085535.395,333,00098765,555,2,053.183,,,,,,
210916,085542.294,333,00098765,555,1,000.000,,,,,,
210916,085545.234,333,00098765,555,3,024.742,,,,,,
210916,085643.309,333,00098765,555,1,016.017,,,,,,
210916,085641.455,333,00098765,555,2,020.585,,,,,,
210916,085640.902,333,00098765,555,1,015.435,,,,,,
210916,085648.676,333,00098765,555,1,015.664,,,,,,
210916,085644.524,333,00098765,555,2,033.819,,,,,,
210916,085645.563,333,00098765,555,1,028.206,,,,,,
210916,085652.786,333,00098765,555,2,051.017,,,,,,
210916,085655.409,333,00098765,555,2,053.218,,,,,,
210916,085656.921,333,00098765,555,2,058.435,,,,,,
210916,085711.920,333,00098765,555,2,055.209,,,,,,
210916,085718.738,333,00098765,555,1,055.878,,,,,,
210916,085821.010,333,00098765,555,2,021.028,,,,,,
210916,085827.214,333,00098765,555,1,014.462,,,,,,
210916,085829.754,333,00098765,555,1,017.239,,,,,,
210916,085832.144,333,00098765,555,1,015.476,,,,,,
210916,085822.728,333,00098765,555,3,005.471,,,,,,
210916,085834.382,333,00098765,555,1,016.225,,,,,,
210916,085937.031,333,00098765,555,2,014.392,,,,,,
210916,085958.777,333,00098765,555,1,017.612,,,,,,
210916,090002.496,333,00098765,555,1,014.897,,,,,,
210916,090000.522,333,00098765,555,2,022.356,,,,,,
210916,090002.361,333,00098765,555,2,026.242,,,,,,
210916,085956.758,333,00098765,555,2,017.745,,,,,,
210916,090004.373,333,00098765,555,2,037.642,,,,,,
210916,090004.238,333,00098765,555,2,027.539,,,,,,
210916,090008.753,333,00098765,555,1,049.822,,,,,,
210916,090023.984,333,00098765,555,2,044.500,,,,,,
210916,090031.342,333,00098765,555,2,059.539,,,,,,
210916,090057.209,333,00098765,555,3,026.546,,,,,,
210916,090142.729,333,00098765,555,1,000.000,,,,,,
210916,090141.706,333,00098765,555,2,021.349,,,,,,
210916,090145.489,333,00098765,555,1,028.093,,,,,,
210916,090146.228,333,00098765,555,2,027.176,,,,,,
210916,090147.652,333,00098765,555,1,031.831,,,,,,
210916,090148.724,333,00098765,555,2,031.265,,,,,,
210916,090150.630,333,00098765,555,1,037.829,,,,,,
210916,090152.315,333,00098765,555,2,036.272,,,,,,
210916,090153.472,333,00098765,555,2,041.853,,,,,,
210916,090155.921,333,00098765,555,2,040.642,,,,,,
210916,090209.959,333,00098765,555,2,050.491,,,,,,
210916,090213.062,333,00098765,555,1,022.134,,,,,,
210916,090208.522,333,00098765,555,3,009.825,,,,,,
210916,090224.990,333,00098765,555,1,016.372,,,,,,
210916,090227.966,333,00098765,555,1,016.626,,,,,,
210916,090253.151,333,00098765,555,2,023.932,,,,,,
210916,090255.421,333,00098765,555,1,005.282,,,,,,
210916,090259.285,333,00098765,555,2,030.405,,,,,,
210916,090302.781,333,00098765,555,2,048.795,,,,,,
210916,090307.183,333,00098765,555,1,013.239,,,,,,
210916,090344.912,333,00098765,555,1,025.194,,,,,,
210916,090346.422,333,00098765,555,1,022.282,,,,,,
210916,090349.695,333,00098765,555,1,023.776,,,,,,
210916,090352.062,333,00098765,555,1,023.084,,,,,,
210916,090348.967,333,00098765,555,2,054.165,,,,,,
210916,090351.111,333,00098765,555,2,054.885,,,,,,
210916,090358.064,333,00098765,555,1,000.000,,,,,,
210916,090433.755,333,00098765,555,2,018.434,,,,,,
210916,090435.341,333,00098765,555,1,020.220,,,,,,
210916,090437.288,333,00098765,555,2,028.474,,,,,,
210916,090439.901,333,00098765,555,2,033.594,,,,,,
210916,090500.139,333,00098765,555,1,053.479,,,,,,
210916,090506.164,333,00098765,555,1,020.404,,,,,,
210916,090514.074,333,00098765,555,1,054.602,,,,,,
